Using pre-set license
Built from '2020.3/staging' branch; Version is '2020.3.25f1 (9b9180224418) revision 10195328'; Using compiler version '192528614'; Build Type 'Release'
OS: 'Windows 10  (10.0.19043) 64bit Professional' Language: 'zh' Physical Memory: 16217 MB
BatchMode: 1, IsHumanControllingUs: 0, StartBugReporterOnCrash: 0, Is64bit: 1, IsPro: 0

COMMAND LINE ARGUMENTS:
C:\Program Files\Unity\Hub\Editor\2020.3.25f1\Editor\Unity.exe
-adb2
-batchMode
-noUpm
-name
AssetImportWorker0
-projectPath
C:/Users/user/Desktop/oops-02.22-40725001/NUP-0222
-logFile
Logs/AssetImportWorker0.log
-srvPort
1762
Successfully changed project path to: C:/Users/user/Desktop/oops-02.22-40725001/NUP-0222
C:/Users/user/Desktop/oops-02.22-40725001/NUP-0222
Using Asset Import Pipeline V2.
Refreshing native plugins compatible for Editor in 38.45 ms, found 3 plugins.
Preloading 0 native plugins for Editor in 0.00 ms.
Initialize engine version: 2020.3.25f1 (9b9180224418)
[Subsystems] Discovering subsystems at path C:/Program Files/Unity/Hub/Editor/2020.3.25f1/Editor/Data/Resources/UnitySubsystems
[Subsystems] Discovering subsystems at path C:/Users/user/Desktop/oops-02.22-40725001/NUP-0222/Assets
GfxDevice: creating device client; threaded=0
Direct3D:
    Version:  Direct3D 11.0 [level 11.1]
    Renderer: NVIDIA GeForce GTX 1650 SUPER (ID=0x2187)
    Vendor:   
    VRAM:     3955 MB
    Driver:   27.21.14.5671
Initialize mono
Mono path[0] = 'C:/Program Files/Unity/Hub/Editor/2020.3.25f1/Editor/Data/Managed'
Mono path[1] = 'C:/Program Files/Unity/Hub/Editor/2020.3.25f1/Editor/Data/MonoBleedingEdge/lib/mono/unityjit'
Mono config path = 'C:/Program Files/Unity/Hub/Editor/2020.3.25f1/Editor/Data/MonoBleedingEdge/etc'
Using monoOptions --debugger-agent=transport=dt_socket,embedding=1,server=y,suspend=n,address=127.0.0.1:56196
Begin MonoManager ReloadAssembly
Registering precompiled unity dll's ...
Register platform support module: C:/Program Files/Unity/Hub/Editor/2020.3.25f1/Editor/Data/PlaybackEngines/WebGLSupport/UnityEditor.WebGL.Extensions.dll
Register platform support module: C:/Program Files/Unity/Hub/Editor/2020.3.25f1/Editor/Data/PlaybackEngines/WindowsStandaloneSupport/UnityEditor.WindowsStandalone.Extensions.dll
Registered in 0.004100 seconds.
Native extension for WindowsStandalone target not found
Native extension for WebGL target not found
Refreshing native plugins compatible for Editor in 35.38 ms, found 3 plugins.
Preloading 0 native plugins for Editor in 0.00 ms.
Mono: successfully reloaded assembly
- Completed reload, in  0.503 seconds
Domain Reload Profiling:
	ReloadAssembly (503ms)
		BeginReloadAssembly (61ms)
			ExecutionOrderSort (0ms)
			DisableScriptedObjects (0ms)
			BackupInstance (0ms)
			ReleaseScriptingObjects (0ms)
			CreateAndSetChildDomain (1ms)
		EndReloadAssembly (371ms)
			LoadAssemblies (58ms)
			RebuildTransferFunctionScriptingTraits (0ms)
			SetupTypeCache (120ms)
			ReleaseScriptCaches (0ms)
			RebuildScriptCaches (25ms)
			SetupLoadedEditorAssemblies (135ms)
				LogAssemblyErrors (0ms)
				InitializePlatformSupportModulesInManaged (5ms)
				SetLoadedEditorAssemblies (0ms)
				RefreshPlugins (35ms)
				BeforeProcessingInitializeOnLoad (7ms)
				ProcessInitializeOnLoadAttributes (65ms)
				ProcessInitializeOnLoadMethodAttributes (22ms)
				AfterProcessingInitializeOnLoad (0ms)
				EditorAssembliesLoaded (0ms)
			ExecutionOrderSort2 (0ms)
			AwakeInstancesAfterBackupRestoration (0ms)
Platform modules already initialized, skipping
Registering precompiled user dll's ...
Registered in 0.005700 seconds.
Begin MonoManager ReloadAssembly
Native extension for WindowsStandalone target not found
Native extension for WebGL target not found
Refreshing native plugins compatible for Editor in 34.99 ms, found 3 plugins.
Preloading 0 native plugins for Editor in 0.00 ms.
Mono: successfully reloaded assembly
- Completed reload, in  0.959 seconds
Domain Reload Profiling:
	ReloadAssembly (960ms)
		BeginReloadAssembly (132ms)
			ExecutionOrderSort (0ms)
			DisableScriptedObjects (4ms)
			BackupInstance (0ms)
			ReleaseScriptingObjects (0ms)
			CreateAndSetChildDomain (14ms)
		EndReloadAssembly (765ms)
			LoadAssemblies (95ms)
			RebuildTransferFunctionScriptingTraits (0ms)
			SetupTypeCache (246ms)
			ReleaseScriptCaches (0ms)
			RebuildScriptCaches (37ms)
			SetupLoadedEditorAssemblies (295ms)
				LogAssemblyErrors (0ms)
				InitializePlatformSupportModulesInManaged (4ms)
				SetLoadedEditorAssemblies (0ms)
				RefreshPlugins (35ms)
				BeforeProcessingInitializeOnLoad (74ms)
				ProcessInitializeOnLoadAttributes (156ms)
				ProcessInitializeOnLoadMethodAttributes (13ms)
				AfterProcessingInitializeOnLoad (12ms)
				EditorAssembliesLoaded (0ms)
			ExecutionOrderSort2 (0ms)
			AwakeInstancesAfterBackupRestoration (5ms)
Platform modules already initialized, skipping
========================================================================
Worker process is ready to serve import requests
Launched and connected shader compiler UnityShaderCompiler.exe after 0.03 seconds
Refreshing native plugins compatible for Editor in 0.43 ms, found 3 plugins.
Preloading 0 native plugins for Editor in 0.00 ms.
Unloading 2194 Unused Serialized files (Serialized files now loaded: 0)
System memory in use before: 95.8 MB.
System memory in use after: 95.9 MB.

Unloading 28 unused Assets to reduce memory usage. Loaded Objects now: 2627.
Total: 2.591700 ms (FindLiveObjects: 0.133800 ms CreateObjectMapping: 0.068800 ms MarkObjects: 2.341300 ms  DeleteObjects: 0.047100 ms)

AssetImportParameters requested are different than current active one (requested -> active):
  custom:framework-win-MediaFoundation: 216162199b28c13a410421893ffa2e32 -> 
  custom:video-decoder-ogg-theora: a1e56fd34408186e4bbccfd4996cb3dc -> 
  custom:container-muxer-webm: aa71ff27fc2769a1b78a27578f13a17b -> 
  custom:container-demuxer-webm: 4f35f7cbe854078d1ac9338744f61a02 -> 
  custom:container-demuxer-ogg: 62fdf1f143b41e24485cea50d1cbac27 -> 
  custom:video-encoder-webm-vp8: eb34c28f22e8b96e1ab97ce403110664 -> 
  custom:video-decoder-webm-vp8: 9c59270c3fd7afecdb556c50c9e8de78 -> 
  custom:audio-decoder-ogg-vorbis: bf7c407c2cedff20999df2af8eb42d56 -> 
  custom:audio-encoder-webm-vorbis: bf7c407c2cedff20999df2af8eb42d56 -> 
========================================================================
Received Import Request.
  path: Assets/Small Forest Asset Pack/Grass/Grass-1.png
  artifactKey: Guid(03e786fe460885646b886db0981f12c4) Importer(815301076,1909f56bfc062723c751e8b465ee728b)
Start importing Assets/Small Forest Asset Pack/Grass/Grass-1.png using Guid(03e786fe460885646b886db0981f12c4) Importer(815301076,1909f56bfc062723c751e8b465ee728b)  -> (artifact id: 'ebcd3d2a935f119bfecbc2ac90a46fe4') in 0.116717 seconds 
  Import took 0.119650 seconds .

========================================================================
Received Import Request.
  Time since last request: 0.000239 seconds.
  path: Assets/Small Forest Asset Pack/Ground tileset/Earth-tileset.png
  artifactKey: Guid(5799c4117e25a5b4b89e59308c4dcbbc) Importer(815301076,1909f56bfc062723c751e8b465ee728b)
Start importing Assets/Small Forest Asset Pack/Ground tileset/Earth-tileset.png using Guid(5799c4117e25a5b4b89e59308c4dcbbc) Importer(815301076,1909f56bfc062723c751e8b465ee728b)  -> (artifact id: '441ae798745f1d424f77d1758b0c6b0d') in 0.010688 seconds 
  Import took 0.013342 seconds .

========================================================================
Received Import Request.
  Time since last request: 0.000226 seconds.
  path: Assets/Small Forest Asset Pack/Fences/Wooden fence/Wooden-fence-2.png
  artifactKey: Guid(0d03646538cf8c3429ed0bd3b3479a3e) Importer(815301076,1909f56bfc062723c751e8b465ee728b)
Start importing Assets/Small Forest Asset Pack/Fences/Wooden fence/Wooden-fence-2.png using Guid(0d03646538cf8c3429ed0bd3b3479a3e) Importer(815301076,1909f56bfc062723c751e8b465ee728b)  -> (artifact id: '6c087f08507fa7d49d37a87125a88ffe') in 0.012467 seconds 
  Import took 0.014908 seconds .

========================================================================
Received Import Request.
  Time since last request: 0.000225 seconds.
  path: Assets/Small Forest Asset Pack/Sculptures/Sculture-2.png
  artifactKey: Guid(84b99055c4954b4459fd9638c714ea8c) Importer(815301076,1909f56bfc062723c751e8b465ee728b)
Start importing Assets/Small Forest Asset Pack/Sculptures/Sculture-2.png using Guid(84b99055c4954b4459fd9638c714ea8c) Importer(815301076,1909f56bfc062723c751e8b465ee728b)  -> (artifact id: '1c21364766ef37ae5068b4b6008175c4') in 0.011198 seconds 
  Import took 0.013796 seconds .

========================================================================
Received Import Request.
  Time since last request: 0.000191 seconds.
  path: Assets/Small Forest Asset Pack/Fences/Wooden fence/Wooden-fence-3.png
  artifactKey: Guid(5341a0fd52dca394bb67508f009cecef) Importer(815301076,1909f56bfc062723c751e8b465ee728b)
Start importing Assets/Small Forest Asset Pack/Fences/Wooden fence/Wooden-fence-3.png using Guid(5341a0fd52dca394bb67508f009cecef) Importer(815301076,1909f56bfc062723c751e8b465ee728b)  -> (artifact id: 'e157339b7d70f0575895e1cc1ed1cea6') in 0.013091 seconds 
  Import took 0.015686 seconds .

========================================================================
Received Import Request.
  Time since last request: 0.000225 seconds.
  path: Assets/Small Forest Asset Pack/Flowers/Flower-2.png
  artifactKey: Guid(f978a3c96e0f1064b8441cd222ad0f70) Importer(815301076,1909f56bfc062723c751e8b465ee728b)
Start importing Assets/Small Forest Asset Pack/Flowers/Flower-2.png using Guid(f978a3c96e0f1064b8441cd222ad0f70) Importer(815301076,1909f56bfc062723c751e8b465ee728b)  -> (artifact id: '70564b140d5bf9acfbb44c559ed72e3b') in 0.013239 seconds 
  Import took 0.015758 seconds .

========================================================================
Received Import Request.
  Time since last request: 0.000197 seconds.
  path: Assets/Small Forest Asset Pack/Fences/Wooden fence/Wooden-fence-4.png
  artifactKey: Guid(665b8926e8db0cd46babe97eb2d24d1e) Importer(815301076,1909f56bfc062723c751e8b465ee728b)
Start importing Assets/Small Forest Asset Pack/Fences/Wooden fence/Wooden-fence-4.png using Guid(665b8926e8db0cd46babe97eb2d24d1e) Importer(815301076,1909f56bfc062723c751e8b465ee728b)  -> (artifact id: '1153491c39139d2232b391fd3a7280b7') in 0.008960 seconds 
  Import took 0.011423 seconds .

========================================================================
Received Import Request.
  Time since last request: 0.000193 seconds.
  path: Assets/Small Forest Asset Pack/Grass/Grass-2.png
  artifactKey: Guid(e35aad9156c96e040b414f6c94be1e57) Importer(815301076,1909f56bfc062723c751e8b465ee728b)
Start importing Assets/Small Forest Asset Pack/Grass/Grass-2.png using Guid(e35aad9156c96e040b414f6c94be1e57) Importer(815301076,1909f56bfc062723c751e8b465ee728b)  -> (artifact id: 'b4a21f1728c6ec5d1d8014174bed6bf4') in 0.007784 seconds 
  Import took 0.010359 seconds .

========================================================================
Received Import Request.
  Time since last request: 0.000185 seconds.
  path: Assets/Small Forest Asset Pack/Fences/Stone fence/Stone-fence-1.png
  artifactKey: Guid(0e82a734af1076f408356c18531724a3) Importer(815301076,1909f56bfc062723c751e8b465ee728b)
Start importing Assets/Small Forest Asset Pack/Fences/Stone fence/Stone-fence-1.png using Guid(0e82a734af1076f408356c18531724a3) Importer(815301076,1909f56bfc062723c751e8b465ee728b)  -> (artifact id: 'e1fe340f8c22894515c05fafa677cda4') in 0.012011 seconds 
  Import took 0.014464 seconds .

========================================================================
Received Import Request.
  Time since last request: 0.000194 seconds.
  path: Assets/Small Forest Asset Pack/Ground tileset/Stone-path-tileset-horizontal.png
  artifactKey: Guid(659f11ee196361845a85bae67a400605) Importer(815301076,1909f56bfc062723c751e8b465ee728b)
Start importing Assets/Small Forest Asset Pack/Ground tileset/Stone-path-tileset-horizontal.png using Guid(659f11ee196361845a85bae67a400605) Importer(815301076,1909f56bfc062723c751e8b465ee728b)  -> (artifact id: '8f451230f6c4385b4ca9b9a7af905ccc') in 0.010346 seconds 
  Import took 0.012780 seconds .

========================================================================
Received Import Request.
  Time since last request: 0.000214 seconds.
  path: Assets/Small Forest Asset Pack/Flowers/Flower-3.png
  artifactKey: Guid(a040245e2abd70948a9e58ff0f2dbc44) Importer(815301076,1909f56bfc062723c751e8b465ee728b)
Start importing Assets/Small Forest Asset Pack/Flowers/Flower-3.png using Guid(a040245e2abd70948a9e58ff0f2dbc44) Importer(815301076,1909f56bfc062723c751e8b465ee728b)  -> (artifact id: '57df0d91fc8b403a472d96c719d5dcd5') in 0.013285 seconds 
  Import took 0.015790 seconds .

========================================================================
Received Import Request.
  Time since last request: 0.000185 seconds.
  path: Assets/Small Forest Asset Pack/Fences/Stone fence/Stone-fence-3.png
  artifactKey: Guid(38c8ea0b320919947a0e47e9930d9b9e) Importer(815301076,1909f56bfc062723c751e8b465ee728b)
Start importing Assets/Small Forest Asset Pack/Fences/Stone fence/Stone-fence-3.png using Guid(38c8ea0b320919947a0e47e9930d9b9e) Importer(815301076,1909f56bfc062723c751e8b465ee728b)  -> (artifact id: 'dbcd703c3305f7278c5fa649ce9ece96') in 0.014388 seconds 
  Import took 0.016810 seconds .

========================================================================
Received Import Request.
  Time since last request: 0.000192 seconds.
  path: Assets/Small Forest Asset Pack/Ground tileset/Dark-grass-tileset.png
  artifactKey: Guid(ecc9e12469b31f94ab3512bebe09150f) Importer(815301076,1909f56bfc062723c751e8b465ee728b)
Start importing Assets/Small Forest Asset Pack/Ground tileset/Dark-grass-tileset.png using Guid(ecc9e12469b31f94ab3512bebe09150f) Importer(815301076,1909f56bfc062723c751e8b465ee728b)  -> (artifact id: '3c6ee0d32248a7b3a5c5a4f62a4f4236') in 0.018055 seconds 
  Import took 0.020509 seconds .

========================================================================
Received Import Request.
  Time since last request: 0.000181 seconds.
  path: Assets/Small Forest Asset Pack/Flowers/Flower-1.png
  artifactKey: Guid(5541fca1dad01dd46a0a85f9e0b8f8af) Importer(815301076,1909f56bfc062723c751e8b465ee728b)
Start importing Assets/Small Forest Asset Pack/Flowers/Flower-1.png using Guid(5541fca1dad01dd46a0a85f9e0b8f8af) Importer(815301076,1909f56bfc062723c751e8b465ee728b)  -> (artifact id: 'ad8ce54bd22876daa96cde9bc87b74f7') in 0.010964 seconds 
  Import took 0.013401 seconds .

========================================================================
Received Import Request.
  Time since last request: 0.000195 seconds.
  path: Assets/Small Forest Asset Pack/Fences/Stone fence/Stone-fence-2.png
  artifactKey: Guid(d284e39c809bef748b2b59e227726b3d) Importer(815301076,1909f56bfc062723c751e8b465ee728b)
Start importing Assets/Small Forest Asset Pack/Fences/Stone fence/Stone-fence-2.png using Guid(d284e39c809bef748b2b59e227726b3d) Importer(815301076,1909f56bfc062723c751e8b465ee728b)  -> (artifact id: 'a1c85cad832a864fcd39e1856689be02') in 0.013527 seconds 
  Import took 0.015987 seconds .

========================================================================
Received Import Request.
  Time since last request: 0.000190 seconds.
  path: Assets/Small Forest Asset Pack/Ground tileset/Stone-path-tileset-vertical.png
  artifactKey: Guid(c18e21b0fd7817146a5206cded8de72d) Importer(815301076,1909f56bfc062723c751e8b465ee728b)
Start importing Assets/Small Forest Asset Pack/Ground tileset/Stone-path-tileset-vertical.png using Guid(c18e21b0fd7817146a5206cded8de72d) Importer(815301076,1909f56bfc062723c751e8b465ee728b)  -> (artifact id: 'f304065e776117a1e23ef01508fe0234') in 0.013577 seconds 
  Import took 0.016054 seconds .

========================================================================
Received Import Request.
  Time since last request: 0.000197 seconds.
  path: Assets/Small Forest Asset Pack/Sculptures/Sculpture-1.png
  artifactKey: Guid(102969f6650195b48a34bf052309f3c8) Importer(815301076,1909f56bfc062723c751e8b465ee728b)
Start importing Assets/Small Forest Asset Pack/Sculptures/Sculpture-1.png using Guid(102969f6650195b48a34bf052309f3c8) Importer(815301076,1909f56bfc062723c751e8b465ee728b)  -> (artifact id: '42e524f7f5da4796cb56426461e4a1b5') in 0.016289 seconds 
  Import took 0.018817 seconds .

========================================================================
Received Import Request.
  Time since last request: 0.000207 seconds.
  path: Assets/Small Forest Asset Pack/Fences/Stone fence/Stone-fence-4.png
  artifactKey: Guid(93ea330dba0968a4980581d661f7035c) Importer(815301076,1909f56bfc062723c751e8b465ee728b)
Start importing Assets/Small Forest Asset Pack/Fences/Stone fence/Stone-fence-4.png using Guid(93ea330dba0968a4980581d661f7035c) Importer(815301076,1909f56bfc062723c751e8b465ee728b)  -> (artifact id: '0f996fd1a6bbea53c9e8b259c3817e94') in 0.013667 seconds 
  Import took 0.016466 seconds .

========================================================================
Received Import Request.
  Time since last request: 0.000197 seconds.
  path: Assets/Small Forest Asset Pack/Ground tileset/Bright-grass-tileset.png
  artifactKey: Guid(0cebca54842a5cd41bf1d6145262602a) Importer(815301076,1909f56bfc062723c751e8b465ee728b)
Start importing Assets/Small Forest Asset Pack/Ground tileset/Bright-grass-tileset.png using Guid(0cebca54842a5cd41bf1d6145262602a) Importer(815301076,1909f56bfc062723c751e8b465ee728b)  -> (artifact id: 'dc8ea6d0ab08efd9e96f4a4069c4417f') in 0.014059 seconds 
  Import took 0.016914 seconds .

========================================================================
Received Import Request.
  Time since last request: 0.000217 seconds.
  path: Assets/Small Forest Asset Pack/Fences/Wooden fence/Wooden-fence-1.png
  artifactKey: Guid(0c05bd21923f9314991ad5bf0d4690d3) Importer(815301076,1909f56bfc062723c751e8b465ee728b)
Start importing Assets/Small Forest Asset Pack/Fences/Wooden fence/Wooden-fence-1.png using Guid(0c05bd21923f9314991ad5bf0d4690d3) Importer(815301076,1909f56bfc062723c751e8b465ee728b)  -> (artifact id: 'eb836dc45915e3d18e197488f81151f9') in 0.010658 seconds 
  Import took 0.013098 seconds .

========================================================================
Received Import Request.
  Time since last request: 14.611353 seconds.
  path: Assets/Small Forest Asset Pack/Ground tileset/Earth-tileset.png
  artifactKey: Guid(5799c4117e25a5b4b89e59308c4dcbbc) Importer(815301076,1909f56bfc062723c751e8b465ee728b)
Start importing Assets/Small Forest Asset Pack/Ground tileset/Earth-tileset.png using Guid(5799c4117e25a5b4b89e59308c4dcbbc) Importer(815301076,1909f56bfc062723c751e8b465ee728b)  -> (artifact id: '581d6d8d0c142a6fd9e9ed0727d06960') in 0.005840 seconds 
  Import took 0.008436 seconds .

========================================================================
Received Import Request.
  Time since last request: 5.498153 seconds.
  path: Assets/Small Forest Asset Pack/Ground tileset/Earth-tileset.png
  artifactKey: Guid(5799c4117e25a5b4b89e59308c4dcbbc) Importer(815301076,1909f56bfc062723c751e8b465ee728b)
Start importing Assets/Small Forest Asset Pack/Ground tileset/Earth-tileset.png using Guid(5799c4117e25a5b4b89e59308c4dcbbc) Importer(815301076,1909f56bfc062723c751e8b465ee728b)  -> (artifact id: '4366b7c0bdb6e03b52fc0f9e488ea6b7') in 0.037780 seconds 
  Import took 0.040448 seconds .

========================================================================
Received Import Request.
  Time since last request: 155.634042 seconds.
  path: Assets/Small Forest Asset Pack/Ground tileset/Bright-grass-tileset.png
  artifactKey: Guid(0cebca54842a5cd41bf1d6145262602a) Importer(815301076,1909f56bfc062723c751e8b465ee728b)
Start importing Assets/Small Forest Asset Pack/Ground tileset/Bright-grass-tileset.png using Guid(0cebca54842a5cd41bf1d6145262602a) Importer(815301076,1909f56bfc062723c751e8b465ee728b)  -> (artifact id: '51ec399a5d3004ddc7618b7173125e53') in 0.017719 seconds 
  Import took 0.020671 seconds .

========================================================================
Received Import Request.
  Time since last request: 3.705292 seconds.
  path: Assets/Small Forest Asset Pack/Ground tileset/Bright-grass-tileset.png
  artifactKey: Guid(0cebca54842a5cd41bf1d6145262602a) Importer(815301076,1909f56bfc062723c751e8b465ee728b)
Start importing Assets/Small Forest Asset Pack/Ground tileset/Bright-grass-tileset.png using Guid(0cebca54842a5cd41bf1d6145262602a) Importer(815301076,1909f56bfc062723c751e8b465ee728b)  -> (artifact id: 'a300604f30ef4c2ef2852f727b1f75e2') in 0.123822 seconds 
  Import took 0.126691 seconds .

========================================================================
Received Import Request.
  Time since last request: 163.972974 seconds.
  path: Assets/GRASS.prefab
  artifactKey: Guid(2d6c55e9246148448829f510c2383ff5) Importer(815301076,1909f56bfc062723c751e8b465ee728b)
Start importing Assets/GRASS.prefab using Guid(2d6c55e9246148448829f510c2383ff5) Importer(815301076,1909f56bfc062723c751e8b465ee728b)  -> (artifact id: '0169d4d2ae7040b956d73488d271c10d') in 0.025290 seconds 
  Import took 0.028011 seconds .

========================================================================
Received Import Request.
  Time since last request: 1.280779 seconds.
  path: Assets/Small Forest Asset Pack/Bushes/Bush-1.png
  artifactKey: Guid(a6cf0ec0b2683584b93ba1339f8f50e2) Importer(815301076,1909f56bfc062723c751e8b465ee728b)
Start importing Assets/Small Forest Asset Pack/Bushes/Bush-1.png using Guid(a6cf0ec0b2683584b93ba1339f8f50e2) Importer(815301076,1909f56bfc062723c751e8b465ee728b)  -> (artifact id: 'f2d48f28c3e1d2246fe80a4390cce9db') in 0.008862 seconds 
  Import took 0.011702 seconds .

========================================================================
Received Import Request.
  Time since last request: 0.000210 seconds.
  path: Assets/Small Forest Asset Pack/Bushes/Bush-3.png
  artifactKey: Guid(bea17a86d81423b499529f583152f72f) Importer(815301076,1909f56bfc062723c751e8b465ee728b)
Start importing Assets/Small Forest Asset Pack/Bushes/Bush-3.png using Guid(bea17a86d81423b499529f583152f72f) Importer(815301076,1909f56bfc062723c751e8b465ee728b)  -> (artifact id: '8d7c535cf15ded11fdb187c9aefdf35b') in 0.008698 seconds 
  Import took 0.011480 seconds .

========================================================================
Received Import Request.
  Time since last request: 0.000255 seconds.
  path: Assets/Small Forest Asset Pack/Bushes/Stump.png
  artifactKey: Guid(14464f83a7b843d4d9c55f5879302d70) Importer(815301076,1909f56bfc062723c751e8b465ee728b)
Start importing Assets/Small Forest Asset Pack/Bushes/Stump.png using Guid(14464f83a7b843d4d9c55f5879302d70) Importer(815301076,1909f56bfc062723c751e8b465ee728b)  -> (artifact id: '8fb61ca6f366eda287fe534e90c615dc') in 0.007927 seconds 
  Import took 0.010940 seconds .

========================================================================
Received Import Request.
  Time since last request: 0.000239 seconds.
  path: Assets/Small Forest Asset Pack/Bushes/Bush-4.png
  artifactKey: Guid(405b21c23840b674daa0738d94caa33f) Importer(815301076,1909f56bfc062723c751e8b465ee728b)
Start importing Assets/Small Forest Asset Pack/Bushes/Bush-4.png using Guid(405b21c23840b674daa0738d94caa33f) Importer(815301076,1909f56bfc062723c751e8b465ee728b)  -> (artifact id: '276d590dff12adbad927860dc005f569') in 0.007960 seconds 
  Import took 0.010830 seconds .

========================================================================
Received Import Request.
  Time since last request: 0.000165 seconds.
  path: Assets/Small Forest Asset Pack/Bushes/Bush-2.png
  artifactKey: Guid(04ff0f6fbc02db540ac5b1bee20ccfca) Importer(815301076,1909f56bfc062723c751e8b465ee728b)
Start importing Assets/Small Forest Asset Pack/Bushes/Bush-2.png using Guid(04ff0f6fbc02db540ac5b1bee20ccfca) Importer(815301076,1909f56bfc062723c751e8b465ee728b)  -> (artifact id: '187e14e40420ff57b0abbf65003927a7') in 0.008408 seconds 
  Import took 0.011346 seconds .

========================================================================
Received Import Request.
  Time since last request: 4.438255 seconds.
  path: Assets/Small Forest Asset Pack/Fences/Big wooden fence/Big-wooden-fence-1.png
  artifactKey: Guid(613c77f7cf7602e40a8126033dc3775b) Importer(815301076,1909f56bfc062723c751e8b465ee728b)
Start importing Assets/Small Forest Asset Pack/Fences/Big wooden fence/Big-wooden-fence-1.png using Guid(613c77f7cf7602e40a8126033dc3775b) Importer(815301076,1909f56bfc062723c751e8b465ee728b)  -> (artifact id: 'ec9b539d74a74454d5f4c9719263883d') in 0.011524 seconds 
  Import took 0.014295 seconds .

========================================================================
Received Import Request.
  Time since last request: 0.000199 seconds.
  path: Assets/Small Forest Asset Pack/Fences/Big wooden fence/Big-wooden-fence-2.png
  artifactKey: Guid(c523b92444ccf3444ba9095746940696) Importer(815301076,1909f56bfc062723c751e8b465ee728b)
Start importing Assets/Small Forest Asset Pack/Fences/Big wooden fence/Big-wooden-fence-2.png using Guid(c523b92444ccf3444ba9095746940696) Importer(815301076,1909f56bfc062723c751e8b465ee728b)  -> (artifact id: '580a3bb334c51764284f6c0c862b5672') in 0.015260 seconds 
  Import took 0.017681 seconds .

========================================================================
Received Import Request.
  Time since last request: 0.000224 seconds.
  path: Assets/Small Forest Asset Pack/Fences/Big wooden fence/Big-wooden-fence-3.png
  artifactKey: Guid(a286dd6e796038c4b8910f68b79bcd8b) Importer(815301076,1909f56bfc062723c751e8b465ee728b)
Start importing Assets/Small Forest Asset Pack/Fences/Big wooden fence/Big-wooden-fence-3.png using Guid(a286dd6e796038c4b8910f68b79bcd8b) Importer(815301076,1909f56bfc062723c751e8b465ee728b)  -> (artifact id: '57663ae94e80aabeff6b6f97985f8b69') in 0.012740 seconds 
  Import took 0.015534 seconds .

========================================================================
Received Import Request.
  Time since last request: 0.000242 seconds.
  path: Assets/Small Forest Asset Pack/Fences/Big wooden fence/Big-wooden-fence-4.png
  artifactKey: Guid(3e58ab0583ad8d347ab4e53601d254f6) Importer(815301076,1909f56bfc062723c751e8b465ee728b)
Start importing Assets/Small Forest Asset Pack/Fences/Big wooden fence/Big-wooden-fence-4.png using Guid(3e58ab0583ad8d347ab4e53601d254f6) Importer(815301076,1909f56bfc062723c751e8b465ee728b)  -> (artifact id: 'e5570349a706e068716f3db51b614cbd') in 0.022021 seconds 
  Import took 0.025298 seconds .

========================================================================
Received Import Request.
  Time since last request: 5.350330 seconds.
  path: Assets/Small Forest Asset Pack/Stones/Stone-1.png
  artifactKey: Guid(c892ba3e108308a4591ec63ec2323dde) Importer(815301076,1909f56bfc062723c751e8b465ee728b)
Start importing Assets/Small Forest Asset Pack/Stones/Stone-1.png using Guid(c892ba3e108308a4591ec63ec2323dde) Importer(815301076,1909f56bfc062723c751e8b465ee728b)  -> (artifact id: '2e516425eef3088840250c4ecd26a75d') in 0.012484 seconds 
  Import took 0.015366 seconds .

========================================================================
Received Import Request.
  Time since last request: 0.000231 seconds.
  path: Assets/Small Forest Asset Pack/Stones/Stone-2.png
  artifactKey: Guid(abdc07637cf56f241a9290838d9de5ba) Importer(815301076,1909f56bfc062723c751e8b465ee728b)
Start importing Assets/Small Forest Asset Pack/Stones/Stone-2.png using Guid(abdc07637cf56f241a9290838d9de5ba) Importer(815301076,1909f56bfc062723c751e8b465ee728b)  -> (artifact id: '41b2e9e8750de4a70c6e4b2aac251a49') in 0.023252 seconds 
  Import took 0.025594 seconds .

========================================================================
Received Import Request.
  Time since last request: 546.921960 seconds.
  path: Assets/Small Forest Asset Pack/Flowers/Flower-1.png
  artifactKey: Guid(5541fca1dad01dd46a0a85f9e0b8f8af) Importer(815301076,1909f56bfc062723c751e8b465ee728b)
Start importing Assets/Small Forest Asset Pack/Flowers/Flower-1.png using Guid(5541fca1dad01dd46a0a85f9e0b8f8af) Importer(815301076,1909f56bfc062723c751e8b465ee728b)  -> (artifact id: '77355c1e41a0f1eb7b1b267012c5362f') in 0.005809 seconds 
  Import took 0.008572 seconds .

========================================================================
Received Import Request.
  Time since last request: 17.149980 seconds.
  path: Assets/Small Forest Asset Pack/Flowers/Flower-1.png
  artifactKey: Guid(5541fca1dad01dd46a0a85f9e0b8f8af) Importer(815301076,1909f56bfc062723c751e8b465ee728b)
Start importing Assets/Small Forest Asset Pack/Flowers/Flower-1.png using Guid(5541fca1dad01dd46a0a85f9e0b8f8af) Importer(815301076,1909f56bfc062723c751e8b465ee728b)  -> (artifact id: 'ed43f8159741fe357007d2cff0b153fc') in 0.014756 seconds 
  Import took 0.017447 seconds .

========================================================================
Received Import Request.
  Time since last request: 12.762584 seconds.
  path: Assets/Small Forest Asset Pack/Flowers/Flower-2.png
  artifactKey: Guid(f978a3c96e0f1064b8441cd222ad0f70) Importer(815301076,1909f56bfc062723c751e8b465ee728b)
Start importing Assets/Small Forest Asset Pack/Flowers/Flower-2.png using Guid(f978a3c96e0f1064b8441cd222ad0f70) Importer(815301076,1909f56bfc062723c751e8b465ee728b)  -> (artifact id: '90f66b5351e99524fdacee27f1291204') in 0.010804 seconds 
  Import took 0.013729 seconds .

========================================================================
Received Import Request.
  Time since last request: 7.927253 seconds.
  path: Assets/Small Forest Asset Pack/Flowers/Flower-2.png
  artifactKey: Guid(f978a3c96e0f1064b8441cd222ad0f70) Importer(815301076,1909f56bfc062723c751e8b465ee728b)
Start importing Assets/Small Forest Asset Pack/Flowers/Flower-2.png using Guid(f978a3c96e0f1064b8441cd222ad0f70) Importer(815301076,1909f56bfc062723c751e8b465ee728b)  -> (artifact id: '2874b411d262ab881b6e218663cd1c06') in 0.018462 seconds 
  Import took 0.021305 seconds .

========================================================================
Received Import Request.
  Time since last request: 9.509599 seconds.
  path: Assets/Small Forest Asset Pack/Flowers/Flower-3.png
  artifactKey: Guid(a040245e2abd70948a9e58ff0f2dbc44) Importer(815301076,1909f56bfc062723c751e8b465ee728b)
Start importing Assets/Small Forest Asset Pack/Flowers/Flower-3.png using Guid(a040245e2abd70948a9e58ff0f2dbc44) Importer(815301076,1909f56bfc062723c751e8b465ee728b)  -> (artifact id: '9fc9d6b61f9fc2f8eaa2d931a9b7c256') in 0.006291 seconds 
  Import took 0.009081 seconds .

========================================================================
Received Import Request.
  Time since last request: 4.733239 seconds.
  path: Assets/Small Forest Asset Pack/Flowers/Flower-3.png
  artifactKey: Guid(a040245e2abd70948a9e58ff0f2dbc44) Importer(815301076,1909f56bfc062723c751e8b465ee728b)
Start importing Assets/Small Forest Asset Pack/Flowers/Flower-3.png using Guid(a040245e2abd70948a9e58ff0f2dbc44) Importer(815301076,1909f56bfc062723c751e8b465ee728b)  -> (artifact id: '0b2dd6a7ffc74e886d0c4f8fe39db5e3') in 0.008586 seconds 
  Import took 0.011234 seconds .

========================================================================
Received Import Request.
  Time since last request: 1371.246045 seconds.
  path: Assets/GRASS.prefab
  artifactKey: Guid(2d6c55e9246148448829f510c2383ff5) Importer(815301076,1909f56bfc062723c751e8b465ee728b)
Start importing Assets/GRASS.prefab using Guid(2d6c55e9246148448829f510c2383ff5) Importer(815301076,1909f56bfc062723c751e8b465ee728b)  -> (artifact id: 'f6d32976a693efe69571e43afecaec96') in 0.038712 seconds 
  Import took 0.042718 seconds .

AssetImportWorkerClient::OnTransportError - code=2 error=End of file
